<?xml version="1.0" encoding="UTF-8"?>
<testng-results ignored="0" total="9" passed="9" failed="0" skipped="0">
  <reporter-output>
  </reporter-output>
  <suite started-at="2024-02-24T19:53:35 CST" name="Suite" finished-at="2024-02-24T19:53:36 CST" duration-ms="1801">
    <groups>
      <group name="cucumber">
        <method signature="AbstractTestNGCucumberTests.runScenario(io.cucumber.testng.PickleWrapper,io.cucumber.testng.FeatureWrapper)[pri:0, instance:Runner.TestRunner@2a65fe7c]" name="runScenario" class="io.cucumber.testng.AbstractTestNGCucumberTests"/>
      </group> <!-- cucumber -->
    </groups>
    <test started-at="2024-02-24T19:53:35 CST" name="Test" finished-at="2024-02-24T19:53:36 CST" duration-ms="1801">
      <class name="Runner.TestRunner">
        <test-method is-config="true" signature="setUpClass(org.testng.ITestContext)[pri:0, instance:Runner.TestRunner@2a65fe7c]" started-at="2024-02-24T19:53:35 CST" name="setUpClass" finished-at="2024-02-24T19:53:35 CST" duration-ms="182" status="PASS">
          <params>
            <param index="0">
              <value>
                <![CDATA[org.testng.TestRunner@2bfc2f8b]]>
              </value>
            </param>
          </params>
          <reporter-output>
          </reporter-output>
        </test-method> <!-- setUpClass -->
        <test-method signature="runScenario(io.cucumber.testng.PickleWrapper,io.cucumber.testng.FeatureWrapper)[pri:0, instance:Runner.TestRunner@2a65fe7c]" started-at="2024-02-24T19:53:35 CST" name="runScenario" description="Runs Cucumber Scenarios" data-provider="scenarios" finished-at="2024-02-24T19:53:35 CST" duration-ms="614" status="PASS">
          <params>
            <param index="0">
              <value>
                <![CDATA["Reqres Get API Test"]]>
              </value>
            </param>
            <param index="1">
              <value>
                <![CDATA["Test Reqres User Api's with RestAssured"]]>
              </value>
            </param>
          </params>
          <reporter-output>
          </reporter-output>
        </test-method> <!-- runScenario -->
        <test-method signature="runScenario(io.cucumber.testng.PickleWrapper,io.cucumber.testng.FeatureWrapper)[pri:0, instance:Runner.TestRunner@2a65fe7c]" started-at="2024-02-24T19:53:35 CST" name="runScenario" description="Runs Cucumber Scenarios" data-provider="scenarios" finished-at="2024-02-24T19:53:36 CST" duration-ms="299" status="PASS">
          <params>
            <param index="0">
              <value>
                <![CDATA["Reqres Get Single User"]]>
              </value>
            </param>
            <param index="1">
              <value>
                <![CDATA["Test Reqres User Api's with RestAssured"]]>
              </value>
            </param>
          </params>
          <reporter-output>
          </reporter-output>
        </test-method> <!-- runScenario -->
        <test-method signature="runScenario(io.cucumber.testng.PickleWrapper,io.cucumber.testng.FeatureWrapper)[pri:0, instance:Runner.TestRunner@2a65fe7c]" started-at="2024-02-24T19:53:36 CST" name="runScenario" description="Runs Cucumber Scenarios" data-provider="scenarios" finished-at="2024-02-24T19:53:36 CST" duration-ms="395" status="PASS">
          <params>
            <param index="0">
              <value>
                <![CDATA["Reqres Get Single User not found"]]>
              </value>
            </param>
            <param index="1">
              <value>
                <![CDATA["Test Reqres User Api's with RestAssured"]]>
              </value>
            </param>
          </params>
          <reporter-output>
          </reporter-output>
        </test-method> <!-- runScenario -->
        <test-method signature="runScenario(io.cucumber.testng.PickleWrapper,io.cucumber.testng.FeatureWrapper)[pri:0, instance:Runner.TestRunner@2a65fe7c]" started-at="2024-02-24T19:53:36 CST" name="runScenario" description="Runs Cucumber Scenarios" data-provider="scenarios" finished-at="2024-02-24T19:53:36 CST" duration-ms="85" status="PASS">
          <params>
            <param index="0">
              <value>
                <![CDATA["Reqres Get list of resources"]]>
              </value>
            </param>
            <param index="1">
              <value>
                <![CDATA["Test Reqres User Api's with RestAssured"]]>
              </value>
            </param>
          </params>
          <reporter-output>
          </reporter-output>
        </test-method> <!-- runScenario -->
        <test-method signature="runScenario(io.cucumber.testng.PickleWrapper,io.cucumber.testng.FeatureWrapper)[pri:0, instance:Runner.TestRunner@2a65fe7c]" started-at="2024-02-24T19:53:36 CST" name="runScenario" description="Runs Cucumber Scenarios" data-provider="scenarios" finished-at="2024-02-24T19:53:36 CST" duration-ms="144" status="PASS">
          <params>
            <param index="0">
              <value>
                <![CDATA["Reqres Get single resource"]]>
              </value>
            </param>
            <param index="1">
              <value>
                <![CDATA["Test Reqres User Api's with RestAssured"]]>
              </value>
            </param>
          </params>
          <reporter-output>
          </reporter-output>
        </test-method> <!-- runScenario -->
        <test-method signature="runScenario(io.cucumber.testng.PickleWrapper,io.cucumber.testng.FeatureWrapper)[pri:0, instance:Runner.TestRunner@2a65fe7c]" started-at="2024-02-24T19:53:36 CST" name="runScenario" description="Runs Cucumber Scenarios" data-provider="scenarios" finished-at="2024-02-24T19:53:36 CST" duration-ms="20" status="PASS">
          <params>
            <param index="0">
              <value>
                <![CDATA["Create a new User"]]>
              </value>
            </param>
            <param index="1">
              <value>
                <![CDATA["Validate different request on Reqres"]]>
              </value>
            </param>
          </params>
          <reporter-output>
          </reporter-output>
        </test-method> <!-- runScenario -->
        <test-method signature="runScenario(io.cucumber.testng.PickleWrapper,io.cucumber.testng.FeatureWrapper)[pri:0, instance:Runner.TestRunner@2a65fe7c]" started-at="2024-02-24T19:53:36 CST" name="runScenario" description="Runs Cucumber Scenarios" data-provider="scenarios" finished-at="2024-02-24T19:53:36 CST" duration-ms="10" status="PASS">
          <params>
            <param index="0">
              <value>
                <![CDATA["Update a old user"]]>
              </value>
            </param>
            <param index="1">
              <value>
                <![CDATA["Validate different request on Reqres"]]>
              </value>
            </param>
          </params>
          <reporter-output>
          </reporter-output>
        </test-method> <!-- runScenario -->
        <test-method signature="runScenario(io.cucumber.testng.PickleWrapper,io.cucumber.testng.FeatureWrapper)[pri:0, instance:Runner.TestRunner@2a65fe7c]" started-at="2024-02-24T19:53:36 CST" name="runScenario" description="Runs Cucumber Scenarios" data-provider="scenarios" finished-at="2024-02-24T19:53:36 CST" duration-ms="10" status="PASS">
          <params>
            <param index="0">
              <value>
                <![CDATA["Update any key of old user"]]>
              </value>
            </param>
            <param index="1">
              <value>
                <![CDATA["Validate different request on Reqres"]]>
              </value>
            </param>
          </params>
          <reporter-output>
          </reporter-output>
        </test-method> <!-- runScenario -->
        <test-method signature="runScenario(io.cucumber.testng.PickleWrapper,io.cucumber.testng.FeatureWrapper)[pri:0, instance:Runner.TestRunner@2a65fe7c]" started-at="2024-02-24T19:53:36 CST" name="runScenario" description="Runs Cucumber Scenarios" data-provider="scenarios" finished-at="2024-02-24T19:53:36 CST" duration-ms="8" status="PASS">
          <params>
            <param index="0">
              <value>
                <![CDATA["Delete one of the user"]]>
              </value>
            </param>
            <param index="1">
              <value>
                <![CDATA["Validate different request on Reqres"]]>
              </value>
            </param>
          </params>
          <reporter-output>
          </reporter-output>
        </test-method> <!-- runScenario -->
        <test-method is-config="true" signature="tearDownClass()[pri:0, instance:Runner.TestRunner@2a65fe7c]" started-at="2024-02-24T19:53:36 CST" name="tearDownClass" finished-at="2024-02-24T19:53:36 CST" duration-ms="16" status="PASS">
          <reporter-output>
          </reporter-output>
        </test-method> <!-- tearDownClass -->
      </class> <!-- Runner.TestRunner -->
    </test> <!-- Test -->
  </suite> <!-- Suite -->
</testng-results>
